<?xml version="1.0" encoding="UTF-8"?>
<!-- Generated by org.testng.reporters.JUnitReportReporter -->
<testsuite hostname="DESKTOP-B023V6C" failures="0" tests="1" name="com.icolor.restassured.RestAssuredDemo" time="2.435" errors="0" timestamp="2024-10-07T02:17:39 IST" skipped="0">
  <testcase classname="com.icolor.restassured.RestAssuredDemo" name="testGetAPI" time="2.435"/>
</testsuite> <!-- com.icolor.restassured.RestAssuredDemo -->
